<?xml version="1.0" encoding="UTF-8"?>
<testsuite name="hello.GreetingControllerTest2" tests="2" skipped="0" failures="0" errors="0" timestamp="2017-09-11T19:06:02" hostname="ProBook" time="0.034">
  <properties/>
  <testcase name="greetingWithUser" classname="hello.GreetingControllerTest2" time="0.019"/>
  <testcase name="greeting" classname="hello.GreetingControllerTest2" time="0.012"/>
  <system-out><![CDATA[2017-09-11 14:06:02.527  INFO 1020 --- [    Test worker] .b.t.c.SpringBootTestContextBootstrapper : Neither @ContextConfiguration nor @ContextHierarchy found for test class [hello.GreetingControllerTest2], using SpringBootContextLoader
2017-09-11 14:06:02.530  INFO 1020 --- [    Test worker] o.s.t.c.support.AbstractContextLoader    : Could not detect default resource locations for test class [hello.GreetingControllerTest2]: no resource found for suffixes {-context.xml, Context.groovy}.
2017-09-11 14:06:02.531  INFO 1020 --- [    Test worker] t.c.s.AnnotationConfigContextLoaderUtils : Could not detect default configuration classes for test class [hello.GreetingControllerTest2]: GreetingControllerTest2 does not declare any static, non-private, non-final, nested classes annotated with @Configuration.
2017-09-11 14:06:02.540  INFO 1020 --- [    Test worker] .b.t.c.SpringBootTestContextBootstrapper : Found @SpringBootConfiguration hello.Application for test class hello.GreetingControllerTest2
2017-09-11 14:06:02.545  INFO 1020 --- [    Test worker] .b.t.c.SpringBootTestContextBootstrapper : Loaded default TestExecutionListener class names from location [META-INF/spring.factories]: [org.springframework.boot.test.mock.mockito.MockitoTestExecutionListener, org.springframework.boot.test.mock.mockito.ResetMocksTestExecutionListener, org.springframework.boot.test.autoconfigure.restdocs.RestDocsTestExecutionListener, org.springframework.boot.test.autoconfigure.web.client.MockRestServiceServerResetTestExecutionListener, org.springframework.boot.test.autoconfigure.web.servlet.MockMvcPrintOnlyOnFailureTestExecutionListener, org.springframework.boot.test.autoconfigure.web.servlet.WebDriverTestExecutionListener, org.springframework.test.context.web.ServletTestExecutionListener, org.springframework.test.context.support.DirtiesContextBeforeModesTestExecutionListener, org.springframework.test.context.support.DependencyInjectionTestExecutionListener, org.springframework.test.context.support.DirtiesContextTestExecutionListener, org.springframework.test.context.transaction.TransactionalTestExecutionListener, org.springframework.test.context.jdbc.SqlScriptsTestExecutionListener]
2017-09-11 14:06:02.550  INFO 1020 --- [    Test worker] .b.t.c.SpringBootTestContextBootstrapper : Could not instantiate TestExecutionListener [org.springframework.test.context.transaction.TransactionalTestExecutionListener]. Specify custom listener classes or make the default listener classes (and their required dependencies) available. Offending class: [org/springframework/transaction/interceptor/TransactionAttributeSource]
2017-09-11 14:06:02.552  INFO 1020 --- [    Test worker] .b.t.c.SpringBootTestContextBootstrapper : Could not instantiate TestExecutionListener [org.springframework.test.context.jdbc.SqlScriptsTestExecutionListener]. Specify custom listener classes or make the default listener classes (and their required dependencies) available. Offending class: [org/springframework/transaction/interceptor/TransactionAttribute]
2017-09-11 14:06:02.559  INFO 1020 --- [    Test worker] .b.t.c.SpringBootTestContextBootstrapper : Using TestExecutionListeners: [org.springframework.test.context.web.ServletTestExecutionListener@67d725ff, org.springframework.test.context.support.DirtiesContextBeforeModesTestExecutionListener@6953e8fa, org.springframework.boot.test.autoconfigure.SpringBootDependencyInjectionTestExecutionListener@3a36a7ad, org.springframework.test.context.support.DirtiesContextTestExecutionListener@1c7b03b6, org.springframework.boot.test.autoconfigure.restdocs.RestDocsTestExecutionListener@42dd351b, org.springframework.boot.test.autoconfigure.web.client.MockRestServiceServerResetTestExecutionListener@34bf0182, org.springframework.boot.test.mock.mockito.MockitoTestExecutionListener@3b3bd377, org.springframework.boot.test.autoconfigure.web.servlet.WebDriverTestExecutionListener@7f190115, org.springframework.boot.test.autoconfigure.web.servlet.MockMvcPrintOnlyOnFailureTestExecutionListener@54479600, org.springframework.boot.test.mock.mockito.ResetMocksTestExecutionListener@18b83e1b]
]]></system-out>
  <system-err><![CDATA[]]></system-err>
</testsuite>
