<?xml version="1.0" encoding="UTF-8"?>
<testsuite name="hello.ApplicationTest" tests="1" skipped="0" failures="0" errors="0" timestamp="2017-09-11T19:06:01" hostname="ProBook" time="0.335">
  <properties/>
  <testcase name="homePage" classname="hello.ApplicationTest" time="0.335"/>
  <system-out><![CDATA[14:05:53.986 [Test worker] DEBUG org.springframework.test.context.junit4.SpringJUnit4ClassRunner - SpringJUnit4ClassRunner constructor called with [class hello.ApplicationTest]
14:05:53.997 [Test worker] DEBUG org.springframework.test.context.BootstrapUtils - Instantiating CacheAwareContextLoaderDelegate from class [org.springframework.test.context.cache.DefaultCacheAwareContextLoaderDelegate]
14:05:54.013 [Test worker] DEBUG org.springframework.test.context.BootstrapUtils - Instantiating BootstrapContext using constructor [public org.springframework.test.context.support.DefaultBootstrapContext(java.lang.Class,org.springframework.test.context.CacheAwareContextLoaderDelegate)]
14:05:54.048 [Test worker] DEBUG org.springframework.test.context.BootstrapUtils - Instantiating TestContextBootstrapper for test class [hello.ApplicationTest] from class [org.springframework.boot.test.context.SpringBootTestContextBootstrapper]
14:05:54.064 [Test worker] INFO org.springframework.boot.test.context.SpringBootTestContextBootstrapper - Neither @ContextConfiguration nor @ContextHierarchy found for test class [hello.ApplicationTest], using SpringBootContextLoader
14:05:54.070 [Test worker] DEBUG org.springframework.test.context.support.AbstractContextLoader - Did not detect default resource location for test class [hello.ApplicationTest]: class path resource [hello/ApplicationTest-context.xml] does not exist
14:05:54.070 [Test worker] DEBUG org.springframework.test.context.support.AbstractContextLoader - Did not detect default resource location for test class [hello.ApplicationTest]: class path resource [hello/ApplicationTestContext.groovy] does not exist
14:05:54.071 [Test worker] INFO org.springframework.test.context.support.AbstractContextLoader - Could not detect default resource locations for test class [hello.ApplicationTest]: no resource found for suffixes {-context.xml, Context.groovy}.
14:05:54.072 [Test worker] INFO org.springframework.test.context.support.AnnotationConfigContextLoaderUtils - Could not detect default configuration classes for test class [hello.ApplicationTest]: ApplicationTest does not declare any static, non-private, non-final, nested classes annotated with @Configuration.
14:05:54.170 [Test worker] DEBUG org.springframework.test.context.support.ActiveProfilesUtils - Could not find an 'annotation declaring class' for annotation type [org.springframework.test.context.ActiveProfiles] and class [hello.ApplicationTest]
14:05:54.181 [Test worker] DEBUG org.springframework.core.env.StandardEnvironment - Adding [systemProperties] PropertySource with lowest search precedence
14:05:54.181 [Test worker] DEBUG org.springframework.core.env.StandardEnvironment - Adding [systemEnvironment] PropertySource with lowest search precedence
14:05:54.182 [Test worker] DEBUG org.springframework.core.env.StandardEnvironment - Initialized StandardEnvironment with PropertySources [systemProperties,systemEnvironment]
14:05:54.198 [Test worker] DEBUG org.springframework.core.io.support.PathMatchingResourcePatternResolver - Resolved classpath location [hello/] to resources [URL [file:/C:/Users/Richard/eclipse-workspace/html5examples/build/classes/test/hello/], URL [file:/C:/Users/Richard/eclipse-workspace/html5examples/build/classes/main/hello/]]
14:05:54.200 [Test worker] DEBUG org.springframework.core.io.support.PathMatchingResourcePatternResolver - Looking for matching resources in directory tree [C:\Users\Richard\eclipse-workspace\html5examples\build\classes\test\hello]
14:05:54.200 [Test worker] DEBUG org.springframework.core.io.support.PathMatchingResourcePatternResolver - Searching directory [C:\Users\Richard\eclipse-workspace\html5examples\build\classes\test\hello] for files matching pattern [C:/Users/Richard/eclipse-workspace/html5examples/build/classes/test/hello/*.class]
14:05:54.211 [Test worker] DEBUG org.springframework.core.io.support.PathMatchingResourcePatternResolver - Looking for matching resources in directory tree [C:\Users\Richard\eclipse-workspace\html5examples\build\classes\main\hello]
14:05:54.215 [Test worker] DEBUG org.springframework.core.io.support.PathMatchingResourcePatternResolver - Searching directory [C:\Users\Richard\eclipse-workspace\html5examples\build\classes\main\hello] for files matching pattern [C:/Users/Richard/eclipse-workspace/html5examples/build/classes/main/hello/*.class]
14:05:54.220 [Test worker] DEBUG org.springframework.core.io.support.PathMatchingResourcePatternResolver - Resolved location pattern [classpath*:hello/*.class] to resources [file [C:\Users\Richard\eclipse-workspace\html5examples\build\classes\test\hello\ApplicationTest.class], file [C:\Users\Richard\eclipse-workspace\html5examples\build\classes\test\hello\GreetingControllerTest.class], file [C:\Users\Richard\eclipse-workspace\html5examples\build\classes\test\hello\GreetingControllerTest2.class], file [C:\Users\Richard\eclipse-workspace\html5examples\build\classes\main\hello\Application.class], file [C:\Users\Richard\eclipse-workspace\html5examples\build\classes\main\hello\CheckBox.class], file [C:\Users\Richard\eclipse-workspace\html5examples\build\classes\main\hello\Greeting3.class], file [C:\Users\Richard\eclipse-workspace\html5examples\build\classes\main\hello\GreetingController.class], file [C:\Users\Richard\eclipse-workspace\html5examples\build\classes\main\hello\GreetingController2.class], file [C:\Users\Richard\eclipse-workspace\html5examples\build\classes\main\hello\Html5.class], file [C:\Users\Richard\eclipse-workspace\html5examples\build\classes\main\hello\Html5Controller.class], file [C:\Users\Richard\eclipse-workspace\html5examples\build\classes\main\hello\NewGreetingController.class], file [C:\Users\Richard\eclipse-workspace\html5examples\build\classes\main\hello\RadioButton.class]]
14:05:54.303 [Test worker] DEBUG org.springframework.context.annotation.ClassPathScanningCandidateComponentProvider - Identified candidate component class: file [C:\Users\Richard\eclipse-workspace\html5examples\build\classes\main\hello\Application.class]
14:05:54.358 [Test worker] INFO org.springframework.boot.test.context.SpringBootTestContextBootstrapper - Found @SpringBootConfiguration hello.Application for test class hello.ApplicationTest
14:05:54.366 [Test worker] DEBUG org.springframework.boot.test.context.SpringBootTestContextBootstrapper - @TestExecutionListeners is not present for class [hello.ApplicationTest]: using defaults.
14:05:54.372 [Test worker] INFO org.springframework.boot.test.context.SpringBootTestContextBootstrapper - Loaded default TestExecutionListener class names from location [META-INF/spring.factories]: [org.springframework.boot.test.mock.mockito.MockitoTestExecutionListener, org.springframework.boot.test.mock.mockito.ResetMocksTestExecutionListener, org.springframework.boot.test.autoconfigure.restdocs.RestDocsTestExecutionListener, org.springframework.boot.test.autoconfigure.web.client.MockRestServiceServerResetTestExecutionListener, org.springframework.boot.test.autoconfigure.web.servlet.MockMvcPrintOnlyOnFailureTestExecutionListener, org.springframework.boot.test.autoconfigure.web.servlet.WebDriverTestExecutionListener, org.springframework.test.context.web.ServletTestExecutionListener, org.springframework.test.context.support.DirtiesContextBeforeModesTestExecutionListener, org.springframework.test.context.support.DependencyInjectionTestExecutionListener, org.springframework.test.context.support.DirtiesContextTestExecutionListener, org.springframework.test.context.transaction.TransactionalTestExecutionListener, org.springframework.test.context.jdbc.SqlScriptsTestExecutionListener]
14:05:54.387 [Test worker] INFO org.springframework.boot.test.context.SpringBootTestContextBootstrapper - Could not instantiate TestExecutionListener [org.springframework.test.context.transaction.TransactionalTestExecutionListener]. Specify custom listener classes or make the default listener classes (and their required dependencies) available. Offending class: [org/springframework/transaction/interceptor/TransactionAttributeSource]
14:05:54.392 [Test worker] INFO org.springframework.boot.test.context.SpringBootTestContextBootstrapper - Could not instantiate TestExecutionListener [org.springframework.test.context.jdbc.SqlScriptsTestExecutionListener]. Specify custom listener classes or make the default listener classes (and their required dependencies) available. Offending class: [org/springframework/transaction/interceptor/TransactionAttribute]
14:05:54.395 [Test worker] INFO org.springframework.boot.test.context.SpringBootTestContextBootstrapper - Using TestExecutionListeners: [org.springframework.test.context.web.ServletTestExecutionListener@1b92244d, org.springframework.test.context.support.DirtiesContextBeforeModesTestExecutionListener@4bd9eaba, org.springframework.boot.test.autoconfigure.SpringBootDependencyInjectionTestExecutionListener@6109755e, org.springframework.test.context.support.DirtiesContextTestExecutionListener@1e3dc081, org.springframework.boot.test.autoconfigure.restdocs.RestDocsTestExecutionListener@14073f47, org.springframework.boot.test.autoconfigure.web.client.MockRestServiceServerResetTestExecutionListener@100f9b47, org.springframework.boot.test.mock.mockito.MockitoTestExecutionListener@3a86bf9d, org.springframework.boot.test.autoconfigure.web.servlet.WebDriverTestExecutionListener@4a4f4984, org.springframework.boot.test.autoconfigure.web.servlet.MockMvcPrintOnlyOnFailureTestExecutionListener@671faa8d, org.springframework.boot.test.mock.mockito.ResetMocksTestExecutionListener@ba6d08a]
14:05:54.400 [Test worker] DEBUG org.springframework.test.annotation.ProfileValueUtils - Retrieved @ProfileValueSourceConfiguration [null] for test class [hello.ApplicationTest]
14:05:54.401 [Test worker] DEBUG org.springframework.test.annotation.ProfileValueUtils - Retrieved ProfileValueSource type [class org.springframework.test.annotation.SystemProfileValueSource] for class [hello.ApplicationTest]
14:05:54.403 [Test worker] DEBUG org.springframework.test.annotation.ProfileValueUtils - Retrieved @ProfileValueSourceConfiguration [null] for test class [hello.ApplicationTest]
14:05:54.404 [Test worker] DEBUG org.springframework.test.annotation.ProfileValueUtils - Retrieved ProfileValueSource type [class org.springframework.test.annotation.SystemProfileValueSource] for class [hello.ApplicationTest]
14:05:54.413 [Test worker] DEBUG org.springframework.test.context.support.AbstractDirtiesContextTestExecutionListener - Before test class: context [DefaultTestContext@2bf1aedd testClass = ApplicationTest, testInstance = [null], testMethod = [null], testException = [null], mergedContextConfiguration = [WebMergedContextConfiguration@3ba75ca6 testClass = ApplicationTest, locations = '{}', classes = '{class hello.Application}', contextInitializerClasses = '[]', activeProfiles = '{}', propertySourceLocations = '{}', propertySourceProperties = '{org.springframework.boot.test.context.SpringBootTestContextBootstrapper=true}', contextCustomizers = set[[ImportsContextCustomizer@75eec96b key = [org.springframework.boot.test.autoconfigure.web.servlet.MockMvcAutoConfiguration, org.springframework.boot.test.autoconfigure.web.servlet.MockMvcSecurityAutoConfiguration, org.springframework.boot.test.autoconfigure.web.servlet.MockMvcWebClientAutoConfiguration, org.springframework.boot.test.autoconfigure.web.servlet.MockMvcWebDriverAutoConfiguration]], org.springframework.boot.test.context.SpringBootTestContextCustomizer@6b1ed05a, org.springframework.boot.test.context.filter.ExcludeFilterContextCustomizer@1df17a91, org.springframework.boot.test.json.DuplicateJsonObjectContextCustomizerFactory$DuplicateJsonObjectContextCustomizer@170a968a, org.springframework.boot.test.mock.mockito.MockitoContextCustomizer@0, org.springframework.boot.test.autoconfigure.properties.PropertyMappingContextCustomizer@e7e8512, org.springframework.boot.test.autoconfigure.web.servlet.WebDriverContextCustomizerFactory$Customizer@3330adba], resourceBasePath = 'src/main/webapp', contextLoader = 'org.springframework.boot.test.context.SpringBootContextLoader', parent = [null]]], class annotated with @DirtiesContext [false] with mode [null].
14:05:54.414 [Test worker] DEBUG org.springframework.test.annotation.ProfileValueUtils - Retrieved @ProfileValueSourceConfiguration [null] for test class [hello.ApplicationTest]
14:05:54.415 [Test worker] DEBUG org.springframework.test.annotation.ProfileValueUtils - Retrieved ProfileValueSource type [class org.springframework.test.annotation.SystemProfileValueSource] for class [hello.ApplicationTest]
14:05:54.523 [Test worker] DEBUG org.springframework.core.env.StandardEnvironment - Adding [systemProperties] PropertySource with lowest search precedence
14:05:54.524 [Test worker] DEBUG org.springframework.core.env.StandardEnvironment - Adding [systemEnvironment] PropertySource with lowest search precedence
14:05:54.524 [Test worker] DEBUG org.springframework.core.env.StandardEnvironment - Initialized StandardEnvironment with PropertySources [systemProperties,systemEnvironment]
14:05:54.526 [Test worker] DEBUG org.springframework.core.env.MutablePropertySources - Adding [inline] PropertySource with highest search precedence
14:05:54.533 [Test worker] DEBUG org.springframework.test.context.support.TestPropertySourceUtils - Adding inlined properties to environment: {spring.jmx.enabled=false, org.springframework.boot.test.context.SpringBootTestContextBootstrapper=true, server.port=-1}
14:05:54.533 [Test worker] DEBUG org.springframework.core.env.StandardEnvironment - Adding [Inlined Test Properties] PropertySource with highest search precedence

  .   ____          _            __ _ _
 /\\ / ___'_ __ _ _(_)_ __  __ _ \ \ \ \
( ( )\___ | '_ | '_| | '_ \/ _` | \ \ \ \
 \\/  ___)| |_)| | | | | || (_| |  ) ) ) )
  '  |____| .__|_| |_|_| |_\__, | / / / /
 =========|_|==============|___/=/_/_/_/
 :: Spring Boot ::        (v1.5.6.RELEASE)

2017-09-11 14:05:55.266  INFO 1020 --- [    Test worker] hello.ApplicationTest                    : Starting ApplicationTest on ProBook with PID 1020 (started by Richard in C:\Users\Richard\eclipse-workspace\html5examples)
2017-09-11 14:05:55.268  INFO 1020 --- [    Test worker] hello.ApplicationTest                    : No active profile set, falling back to default profiles: default
2017-09-11 14:05:55.953  INFO 1020 --- [    Test worker] o.s.w.c.s.GenericWebApplicationContext   : Refreshing org.springframework.web.context.support.GenericWebApplicationContext@2d27641c: startup date [Mon Sep 11 14:05:55 CDT 2017]; root of context hierarchy
2017-09-11 14:05:58.624  INFO 1020 --- [    Test worker] o.s.b.t.m.w.SpringBootMockServletContext : Initializing Spring FrameworkServlet ''
2017-09-11 14:05:58.625  INFO 1020 --- [    Test worker] o.s.t.web.servlet.TestDispatcherServlet  : FrameworkServlet '': initialization started
2017-09-11 14:05:58.862  INFO 1020 --- [    Test worker] s.w.s.m.m.a.RequestMappingHandlerMapping : Mapped "{[/greeting]}" onto public java.lang.String hello.GreetingController.greeting(java.lang.String,org.springframework.ui.Model)
2017-09-11 14:05:58.865  INFO 1020 --- [    Test worker] s.w.s.m.m.a.RequestMappingHandlerMapping : Mapped "{[/greeting2]}" onto public java.lang.String hello.GreetingController2.greeting(java.lang.String,org.springframework.ui.Model)
2017-09-11 14:05:58.875  INFO 1020 --- [    Test worker] s.w.s.m.m.a.RequestMappingHandlerMapping : Mapped "{[/html5],methods=[POST]}" onto public java.lang.String hello.Html5Controller.html5Submit(hello.Html5)
2017-09-11 14:05:58.877  INFO 1020 --- [    Test worker] s.w.s.m.m.a.RequestMappingHandlerMapping : Mapped "{[/html5],methods=[GET]}" onto public java.lang.String hello.Html5Controller.html5Form(org.springframework.ui.Model)
2017-09-11 14:05:58.880  INFO 1020 --- [    Test worker] s.w.s.m.m.a.RequestMappingHandlerMapping : Mapped "{[/greeting3],methods=[GET]}" onto public java.lang.String hello.NewGreetingController.greeting3Form(org.springframework.ui.Model)
2017-09-11 14:05:58.881  INFO 1020 --- [    Test worker] s.w.s.m.m.a.RequestMappingHandlerMapping : Mapped "{[/greeting3],methods=[POST]}" onto public java.lang.String hello.NewGreetingController.greeting3Submit(hello.Greeting3)
2017-09-11 14:05:58.901  INFO 1020 --- [    Test worker] s.w.s.m.m.a.RequestMappingHandlerMapping : Mapped "{[/error]}" onto public org.springframework.http.ResponseEntity<java.util.Map<java.lang.String, java.lang.Object>> org.springframework.boot.autoconfigure.web.BasicErrorController.error(javax.servlet.http.HttpServletRequest)
2017-09-11 14:05:58.902  INFO 1020 --- [    Test worker] s.w.s.m.m.a.RequestMappingHandlerMapping : Mapped "{[/error],produces=[text/html]}" onto public org.springframework.web.servlet.ModelAndView org.springframework.boot.autoconfigure.web.BasicErrorController.errorHtml(javax.servlet.http.HttpServletRequest,javax.servlet.http.HttpServletResponse)
2017-09-11 14:05:58.969  INFO 1020 --- [    Test worker] o.s.w.s.handler.SimpleUrlHandlerMapping  : Mapped URL path [/webjars/**] onto handler of type [class org.springframework.web.servlet.resource.ResourceHttpRequestHandler]
2017-09-11 14:05:58.970  INFO 1020 --- [    Test worker] o.s.w.s.handler.SimpleUrlHandlerMapping  : Mapped URL path [/**] onto handler of type [class org.springframework.web.servlet.resource.ResourceHttpRequestHandler]
2017-09-11 14:05:59.001  INFO 1020 --- [    Test worker] o.s.w.s.handler.SimpleUrlHandlerMapping  : Mapped URL path [/**/favicon.ico] onto handler of type [class org.springframework.web.servlet.resource.ResourceHttpRequestHandler]
2017-09-11 14:05:59.017  INFO 1020 --- [    Test worker] oConfiguration$WelcomePageHandlerMapping : Adding welcome page: ServletContext resource [/index.html]
2017-09-11 14:05:59.371  INFO 1020 --- [    Test worker] s.w.s.m.m.a.RequestMappingHandlerAdapter : Looking for @ControllerAdvice: org.springframework.web.context.support.GenericWebApplicationContext@2d27641c: startup date [Mon Sep 11 14:05:55 CDT 2017]; root of context hierarchy
2017-09-11 14:06:00.272  INFO 1020 --- [    Test worker] o.s.t.web.servlet.TestDispatcherServlet  : FrameworkServlet '': initialization completed in 1647 ms
2017-09-11 14:06:01.235  INFO 1020 --- [    Test worker] hello.ApplicationTest                    : Started ApplicationTest in 6.686 seconds (JVM running for 8.662)
]]></system-out>
  <system-err><![CDATA[]]></system-err>
</testsuite>
