<?xml version="1.0" encoding="UTF-8"?>
<testsuite name="hello.GreetingControllerTest" tests="2" skipped="0" failures="0" errors="0" timestamp="2017-09-11T19:06:01" hostname="ProBook" time="0.837">
  <properties/>
  <testcase name="greetingWithUser" classname="hello.GreetingControllerTest" time="0.823"/>
  <testcase name="greeting" classname="hello.GreetingControllerTest" time="0.01"/>
  <system-out><![CDATA[2017-09-11 14:06:01.639  INFO 1020 --- [    Test worker] .b.t.c.SpringBootTestContextBootstrapper : Neither @ContextConfiguration nor @ContextHierarchy found for test class [hello.GreetingControllerTest], using SpringBootContextLoader
2017-09-11 14:06:01.641  INFO 1020 --- [    Test worker] o.s.t.c.support.AbstractContextLoader    : Could not detect default resource locations for test class [hello.GreetingControllerTest]: no resource found for suffixes {-context.xml, Context.groovy}.
2017-09-11 14:06:01.643  INFO 1020 --- [    Test worker] t.c.s.AnnotationConfigContextLoaderUtils : Could not detect default configuration classes for test class [hello.GreetingControllerTest]: GreetingControllerTest does not declare any static, non-private, non-final, nested classes annotated with @Configuration.
2017-09-11 14:06:01.660  INFO 1020 --- [    Test worker] .b.t.c.SpringBootTestContextBootstrapper : Found @SpringBootConfiguration hello.Application for test class hello.GreetingControllerTest
2017-09-11 14:06:01.665  INFO 1020 --- [    Test worker] .b.t.c.SpringBootTestContextBootstrapper : Loaded default TestExecutionListener class names from location [META-INF/spring.factories]: [org.springframework.boot.test.mock.mockito.MockitoTestExecutionListener, org.springframework.boot.test.mock.mockito.ResetMocksTestExecutionListener, org.springframework.boot.test.autoconfigure.restdocs.RestDocsTestExecutionListener, org.springframework.boot.test.autoconfigure.web.client.MockRestServiceServerResetTestExecutionListener, org.springframework.boot.test.autoconfigure.web.servlet.MockMvcPrintOnlyOnFailureTestExecutionListener, org.springframework.boot.test.autoconfigure.web.servlet.WebDriverTestExecutionListener, org.springframework.test.context.web.ServletTestExecutionListener, org.springframework.test.context.support.DirtiesContextBeforeModesTestExecutionListener, org.springframework.test.context.support.DependencyInjectionTestExecutionListener, org.springframework.test.context.support.DirtiesContextTestExecutionListener, org.springframework.test.context.transaction.TransactionalTestExecutionListener, org.springframework.test.context.jdbc.SqlScriptsTestExecutionListener]
2017-09-11 14:06:01.677  INFO 1020 --- [    Test worker] .b.t.c.SpringBootTestContextBootstrapper : Could not instantiate TestExecutionListener [org.springframework.test.context.transaction.TransactionalTestExecutionListener]. Specify custom listener classes or make the default listener classes (and their required dependencies) available. Offending class: [org/springframework/transaction/interceptor/TransactionAttributeSource]
2017-09-11 14:06:01.680  INFO 1020 --- [    Test worker] .b.t.c.SpringBootTestContextBootstrapper : Could not instantiate TestExecutionListener [org.springframework.test.context.jdbc.SqlScriptsTestExecutionListener]. Specify custom listener classes or make the default listener classes (and their required dependencies) available. Offending class: [org/springframework/transaction/interceptor/TransactionAttribute]
2017-09-11 14:06:01.681  INFO 1020 --- [    Test worker] .b.t.c.SpringBootTestContextBootstrapper : Using TestExecutionListeners: [org.springframework.test.context.web.ServletTestExecutionListener@6b436154, org.springframework.test.context.support.DirtiesContextBeforeModesTestExecutionListener@1d5c69f0, org.springframework.boot.test.autoconfigure.SpringBootDependencyInjectionTestExecutionListener@f9b8871, org.springframework.test.context.support.DirtiesContextTestExecutionListener@1d7f48e3, org.springframework.boot.test.autoconfigure.restdocs.RestDocsTestExecutionListener@6d46d3d9, org.springframework.boot.test.autoconfigure.web.client.MockRestServiceServerResetTestExecutionListener@132b3468, org.springframework.boot.test.mock.mockito.MockitoTestExecutionListener@4020fe7c, org.springframework.boot.test.autoconfigure.web.servlet.WebDriverTestExecutionListener@277f9ecb, org.springframework.boot.test.autoconfigure.web.servlet.MockMvcPrintOnlyOnFailureTestExecutionListener@7c7c59e6, org.springframework.boot.test.mock.mockito.ResetMocksTestExecutionListener@363eba75]
]]></system-out>
  <system-err><![CDATA[]]></system-err>
</testsuite>
